<?xml version="1.0" encoding="UTF-8"?>
<testng-results ignored="0" total="1" passed="1" failed="0" skipped="0">
  <reporter-output>
  </reporter-output>
  <suite started-at="2025-07-18T07:28:56 IST" name="Default suite" finished-at="2025-07-18T07:28:58 IST" duration-ms="1701">
    <groups>
    </groups>
    <test started-at="2025-07-18T07:28:56 IST" name="Default test" finished-at="2025-07-18T07:28:58 IST" duration-ms="1701">
      <class name="test_Cases.TC001_RegisterPage">
        <test-method is-config="true" signature="setup()[pri:0, instance:test_Cases.TC001_RegisterPage@67d48005]" started-at="2025-07-18T07:28:53 IST" name="setup" finished-at="2025-07-18T07:28:56 IST" duration-ms="3038" status="PASS">
          <reporter-output>
          </reporter-output>
        </test-method> <!-- setup -->
        <test-method signature="fillRegisterForm()[pri:0, instance:test_Cases.TC001_RegisterPage@67d48005]" started-at="2025-07-18T07:28:56 IST" name="fillRegisterForm" finished-at="2025-07-18T07:28:58 IST" duration-ms="1679" status="PASS">
          <reporter-output>
          </reporter-output>
        </test-method> <!-- fillRegisterForm -->
        <test-method is-config="true" signature="tearDown()[pri:0, instance:test_Cases.TC001_RegisterPage@67d48005]" started-at="2025-07-18T07:28:58 IST" name="tearDown" finished-at="2025-07-18T07:28:58 IST" duration-ms="223" status="PASS">
          <reporter-output>
          </reporter-output>
        </test-method> <!-- tearDown -->
      </class> <!-- test_Cases.TC001_RegisterPage -->
    </test> <!-- Default test -->
  </suite> <!-- Default suite -->
</testng-results>
